6/1/2018 12:56:26 AM	This log contains information about the import schema operation into project 'DatabaseForProject' on computer 'PATRIKLORINCZ' by user 'Patrik Lorincz'.
6/1/2018 12:56:26 AM	Import of database schema has started.
6/1/2018 12:56:29 AM	Gathering database credentials
6/1/2018 12:56:29 AM	Gathering database options
6/1/2018 12:56:29 AM	Gathering users
6/1/2018 12:56:29 AM	Gathering roles
6/1/2018 12:56:29 AM	Gathering application roles
6/1/2018 12:56:29 AM	Gathering role memberships
6/1/2018 12:56:29 AM	Gathering filegroups
6/1/2018 12:56:29 AM	Gathering full-text catalogs
6/1/2018 12:56:29 AM	Gathering assemblies
6/1/2018 12:56:29 AM	Gathering certificates
6/1/2018 12:56:29 AM	Gathering asymmetric keys
6/1/2018 12:56:29 AM	Gathering symmetric keys
6/1/2018 12:56:29 AM	Gathering encrypted symmetric keys
6/1/2018 12:56:29 AM	Gathering schemas
6/1/2018 12:56:29 AM	Gathering XML schema collections
6/1/2018 12:56:29 AM	Gathering user-defined data types
6/1/2018 12:56:29 AM	Gathering user-defined types
6/1/2018 12:56:29 AM	Gathering table types
6/1/2018 12:56:29 AM	Gathering unique keys for table types
6/1/2018 12:56:29 AM	Gathering primary keys for table types
6/1/2018 12:56:29 AM	Gathering indexes for table types
6/1/2018 12:56:29 AM	Gathering check constraints for table types
6/1/2018 12:56:29 AM	Gathering default constraints for table types
6/1/2018 12:56:29 AM	Gathering partition functions
6/1/2018 12:56:29 AM	Gathering partition schemes
6/1/2018 12:56:29 AM	Gathering functions
6/1/2018 12:56:29 AM	Gathering encrypted functions
6/1/2018 12:56:29 AM	Gathering aggregates
6/1/2018 12:56:29 AM	Gathering procedures
6/1/2018 12:56:29 AM	Gathering encrypted procedures
6/1/2018 12:56:29 AM	Gathering tables
6/1/2018 12:56:29 AM	Gathering primary keys
6/1/2018 12:56:29 AM	Gathering unique constraints
6/1/2018 12:56:29 AM	Gathering foreign keys
6/1/2018 12:56:29 AM	Gathering default constraints
6/1/2018 12:56:29 AM	Gathering check constraints
6/1/2018 12:56:29 AM	Gathering views
6/1/2018 12:56:29 AM	Gathering encrypted views
6/1/2018 12:56:29 AM	Gathering indexes
6/1/2018 12:56:29 AM	Gathering statistics
6/1/2018 12:56:29 AM	Gathering full-text index stoplists
6/1/2018 12:56:30 AM	Gathering search property lists
6/1/2018 12:56:30 AM	Gathering search properties
6/1/2018 12:56:30 AM	Gathering full-text indexes
6/1/2018 12:56:30 AM	Gathering column store indexes
6/1/2018 12:56:30 AM	Gathering spatial indexes
6/1/2018 12:56:30 AM	Gathering XML indexes
6/1/2018 12:56:30 AM	Gathering Selective XML indexes
6/1/2018 12:56:30 AM	Gathering encrypted triggers
6/1/2018 12:56:30 AM	Gathering triggers
6/1/2018 12:56:30 AM	Gathering encrypted and clr ddl triggers
6/1/2018 12:56:30 AM	Gathering ddl triggers
6/1/2018 12:56:30 AM	Gathering synonyms
6/1/2018 12:56:30 AM	Gathering defaults
6/1/2018 12:56:30 AM	Gathering data constraint uddt bindings
6/1/2018 12:56:30 AM	Gathering rules
6/1/2018 12:56:30 AM	Gathering data constraint uddt bindings
6/1/2018 12:56:30 AM	Gathering message types
6/1/2018 12:56:30 AM	Gathering queues
6/1/2018 12:56:30 AM	Gathering contracts
6/1/2018 12:56:30 AM	Gathering services
6/1/2018 12:56:30 AM	Gathering event notifications
6/1/2018 12:56:30 AM	Gathering remote service bindings
6/1/2018 12:56:30 AM	Gathering broker priorities
6/1/2018 12:56:30 AM	Gathering signatures
6/1/2018 12:56:30 AM	Gathering data compression options
6/1/2018 12:56:30 AM	Gathering sequence types
6/1/2018 12:56:30 AM	Gathering security policies
6/1/2018 12:56:30 AM	Gather column encryption keys
6/1/2018 12:56:30 AM	Gathering column master keys
6/1/2018 12:56:30 AM	Gathering external data sources
6/1/2018 12:56:30 AM	Gathering external file formats
6/1/2018 12:56:30 AM	Gathering external tables
6/1/2018 12:56:30 AM	Gathering extended properties
6/1/2018 12:56:30 AM	Gathering credentials
6/1/2018 12:56:30 AM	Gathering logins
6/1/2018 12:56:30 AM	Gathering server audits
6/1/2018 12:56:30 AM	Scanning project for duplicate elements
6/1/2018 12:56:30 AM	Finished duplicate element processing
6/1/2018 12:56:30 AM	Finished importing database.
6/1/2018 12:56:30 AM	A summary of the import was saved to the following location: D:\Personal\sampleproject\src\DatabaseForProject\Import Schema Logs\DatabaseForProject_20180531095626.log
6/1/2018 12:56:30 AM	Click Finish to continue...
